<?xml version="1.0" encoding="UTF-8"?>
<!-- Generated by org.testng.reporters.JUnitReportReporter -->
<testsuite hostname="LAPTOP-I0EIIDFA" failures="0" tests="1" name="com.orangehrm.test_cases.MyInforPageTest" time="22.839" errors="0" timestamp="2023-03-08T16:00:26 IST" skipped="0">
  <testcase classname="com.orangehrm.test_cases.MyInforPageTest" name="verifyMyInfo" time="22.839"/>
  <system-out/>
</testsuite> <!-- com.orangehrm.test_cases.MyInforPageTest -->
